<?xml version="1.0" encoding="UTF-8"?>
<testsuite name="controllers.NoteAPITest$UpdateNotes" tests="2" skipped="0" failures="0" errors="0" timestamp="2022-03-13T20:00:25" hostname="LAPTOP-JCT7DJ1T" time="0.092">
  <properties/>
  <testcase name="updating a note that exists returns true and updates()" classname="controllers.NoteAPITest$UpdateNotes" time="0.081"/>
  <testcase name="updating a note that does not exist returns false()" classname="controllers.NoteAPITest$UpdateNotes" time="0.009"/>
  <system-out><![CDATA[]]></system-out>
  <system-err><![CDATA[]]></system-err>
</testsuite>
