<?xml version="1.0" encoding="UTF-8"?>
<testsuite name="controllers.NoteAPITest$PersistenceTests" tests="2" skipped="0" failures="0" errors="0" timestamp="2022-03-13T21:10:27" hostname="LAPTOP-JCT7DJ1T" time="0.426">
  <properties/>
  <testcase name="saving and loading an empty collection in XML doesn't crash app()" classname="controllers.NoteAPITest$PersistenceTests" time="0.402"/>
  <testcase name="saving and loading an loaded collection in XML doesn't loose data()" classname="controllers.NoteAPITest$PersistenceTests" time="0.023"/>
  <system-out><![CDATA[]]></system-out>
  <system-err><![CDATA[]]></system-err>
</testsuite>
